C:\Users\feixuan\Documents\Visual Studio 2010\Projects\SIAT-CNN\SIAT-CNN\Debug\FacePointDectection.bsc
C:\USERS\FEIXUAN\DOCUMENTS\VISUAL STUDIO 2010\PROJECTS\SIAT-CNN\SIAT-CNN\DEBUG\FACEPOINTDECTECTION.EXE
C:\USERS\FEIXUAN\DOCUMENTS\VISUAL STUDIO 2010\PROJECTS\SIAT-CNN\SIAT-CNN\DEBUG\FACEPOINTDECTECTION.EXE.MANIFEST
C:\USERS\FEIXUAN\DOCUMENTS\VISUAL STUDIO 2010\PROJECTS\SIAT-CNN\SIAT-CNN\DEBUG\FACEPOINTDECTECTION.ILK
C:\USERS\FEIXUAN\DOCUMENTS\VISUAL STUDIO 2010\PROJECTS\SIAT-CNN\SIAT-CNN\DEBUG\FACEPOINTDECTECTION.PDB
C:\Users\feixuan\Documents\Visual Studio 2010\Projects\SIAT-CNN\SIAT-CNN\SIAT-CNN\Debug\BscMake.command.1.tlog
C:\Users\feixuan\Documents\Visual Studio 2010\Projects\SIAT-CNN\SIAT-CNN\SIAT-CNN\Debug\bscmake.read.1.tlog
C:\Users\feixuan\Documents\Visual Studio 2010\Projects\SIAT-CNN\SIAT-CNN\SIAT-CNN\Debug\bscmake.write.1.tlog
C:\USERS\FEIXUAN\DOCUMENTS\VISUAL STUDIO 2010\PROJECTS\SIAT-CNN\SIAT-CNN\SIAT-CNN\DEBUG\CCREATENETWORK.OBJ
C:\USERS\FEIXUAN\DOCUMENTS\VISUAL STUDIO 2010\PROJECTS\SIAT-CNN\SIAT-CNN\SIAT-CNN\DEBUG\CCREATENETWORK.SBR
C:\Users\feixuan\Documents\Visual Studio 2010\Projects\SIAT-CNN\SIAT-CNN\SIAT-CNN\Debug\CInitSystem.obj
C:\Users\feixuan\Documents\Visual Studio 2010\Projects\SIAT-CNN\SIAT-CNN\SIAT-CNN\Debug\CInitSystem.sbr
C:\Users\feixuan\Documents\Visual Studio 2010\Projects\SIAT-CNN\SIAT-CNN\SIAT-CNN\Debug\cl.command.1.tlog
C:\Users\feixuan\Documents\Visual Studio 2010\Projects\SIAT-CNN\SIAT-CNN\SIAT-CNN\Debug\CL.read.1.tlog
C:\Users\feixuan\Documents\Visual Studio 2010\Projects\SIAT-CNN\SIAT-CNN\SIAT-CNN\Debug\CL.write.1.tlog
C:\USERS\FEIXUAN\DOCUMENTS\VISUAL STUDIO 2010\PROJECTS\SIAT-CNN\SIAT-CNN\SIAT-CNN\DEBUG\CTRAINNETWORK.OBJ
C:\USERS\FEIXUAN\DOCUMENTS\VISUAL STUDIO 2010\PROJECTS\SIAT-CNN\SIAT-CNN\SIAT-CNN\DEBUG\CTRAINNETWORK.SBR
C:\USERS\FEIXUAN\DOCUMENTS\VISUAL STUDIO 2010\PROJECTS\SIAT-CNN\SIAT-CNN\SIAT-CNN\DEBUG\FACEPOINTDECTECTION.EXE.INTERMEDIATE.MANIFEST
C:\Users\feixuan\Documents\Visual Studio 2010\Projects\SIAT-CNN\SIAT-CNN\SIAT-CNN\Debug\link.10160.read.1.tlog
C:\Users\feixuan\Documents\Visual Studio 2010\Projects\SIAT-CNN\SIAT-CNN\SIAT-CNN\Debug\link.10160.write.1.tlog
C:\Users\feixuan\Documents\Visual Studio 2010\Projects\SIAT-CNN\SIAT-CNN\SIAT-CNN\Debug\link.10160-cvtres.read.1.tlog
C:\Users\feixuan\Documents\Visual Studio 2010\Projects\SIAT-CNN\SIAT-CNN\SIAT-CNN\Debug\link.10160-cvtres.write.1.tlog
C:\Users\feixuan\Documents\Visual Studio 2010\Projects\SIAT-CNN\SIAT-CNN\SIAT-CNN\Debug\link.10208.read.1.tlog
C:\Users\feixuan\Documents\Visual Studio 2010\Projects\SIAT-CNN\SIAT-CNN\SIAT-CNN\Debug\link.10208.write.1.tlog
C:\Users\feixuan\Documents\Visual Studio 2010\Projects\SIAT-CNN\SIAT-CNN\SIAT-CNN\Debug\link.10208-cvtres.read.1.tlog
C:\Users\feixuan\Documents\Visual Studio 2010\Projects\SIAT-CNN\SIAT-CNN\SIAT-CNN\Debug\link.10208-cvtres.write.1.tlog
C:\Users\feixuan\Documents\Visual Studio 2010\Projects\SIAT-CNN\SIAT-CNN\SIAT-CNN\Debug\link.10532.read.1.tlog
C:\Users\feixuan\Documents\Visual Studio 2010\Projects\SIAT-CNN\SIAT-CNN\SIAT-CNN\Debug\link.10532.write.1.tlog
C:\Users\feixuan\Documents\Visual Studio 2010\Projects\SIAT-CNN\SIAT-CNN\SIAT-CNN\Debug\link.10532-cvtres.read.1.tlog
C:\Users\feixuan\Documents\Visual Studio 2010\Projects\SIAT-CNN\SIAT-CNN\SIAT-CNN\Debug\link.10532-cvtres.write.1.tlog
C:\Users\feixuan\Documents\Visual Studio 2010\Projects\SIAT-CNN\SIAT-CNN\SIAT-CNN\Debug\link.1056.read.1.tlog
C:\Users\feixuan\Documents\Visual Studio 2010\Projects\SIAT-CNN\SIAT-CNN\SIAT-CNN\Debug\link.1056.write.1.tlog
C:\Users\feixuan\Documents\Visual Studio 2010\Projects\SIAT-CNN\SIAT-CNN\SIAT-CNN\Debug\link.1056-cvtres.read.1.tlog
C:\Users\feixuan\Documents\Visual Studio 2010\Projects\SIAT-CNN\SIAT-CNN\SIAT-CNN\Debug\link.1056-cvtres.write.1.tlog
C:\Users\feixuan\Documents\Visual Studio 2010\Projects\SIAT-CNN\SIAT-CNN\SIAT-CNN\Debug\link.10700.read.1.tlog
C:\Users\feixuan\Documents\Visual Studio 2010\Projects\SIAT-CNN\SIAT-CNN\SIAT-CNN\Debug\link.10700.write.1.tlog
C:\Users\feixuan\Documents\Visual Studio 2010\Projects\SIAT-CNN\SIAT-CNN\SIAT-CNN\Debug\link.10700-cvtres.read.1.tlog
C:\Users\feixuan\Documents\Visual Studio 2010\Projects\SIAT-CNN\SIAT-CNN\SIAT-CNN\Debug\link.10700-cvtres.write.1.tlog
C:\Users\feixuan\Documents\Visual Studio 2010\Projects\SIAT-CNN\SIAT-CNN\SIAT-CNN\Debug\link.14764.read.1.tlog
C:\Users\feixuan\Documents\Visual Studio 2010\Projects\SIAT-CNN\SIAT-CNN\SIAT-CNN\Debug\link.14764.write.1.tlog
C:\Users\feixuan\Documents\Visual Studio 2010\Projects\SIAT-CNN\SIAT-CNN\SIAT-CNN\Debug\link.15012.read.1.tlog
C:\Users\feixuan\Documents\Visual Studio 2010\Projects\SIAT-CNN\SIAT-CNN\SIAT-CNN\Debug\link.15012.write.1.tlog
C:\Users\feixuan\Documents\Visual Studio 2010\Projects\SIAT-CNN\SIAT-CNN\SIAT-CNN\Debug\link.15012-cvtres.read.1.tlog
C:\Users\feixuan\Documents\Visual Studio 2010\Projects\SIAT-CNN\SIAT-CNN\SIAT-CNN\Debug\link.15012-cvtres.write.1.tlog
C:\Users\feixuan\Documents\Visual Studio 2010\Projects\SIAT-CNN\SIAT-CNN\SIAT-CNN\Debug\link.15268.read.1.tlog
C:\Users\feixuan\Documents\Visual Studio 2010\Projects\SIAT-CNN\SIAT-CNN\SIAT-CNN\Debug\link.15268.write.1.tlog
C:\Users\feixuan\Documents\Visual Studio 2010\Projects\SIAT-CNN\SIAT-CNN\SIAT-CNN\Debug\link.15268-cvtres.read.1.tlog
C:\Users\feixuan\Documents\Visual Studio 2010\Projects\SIAT-CNN\SIAT-CNN\SIAT-CNN\Debug\link.15268-cvtres.write.1.tlog
C:\Users\feixuan\Documents\Visual Studio 2010\Projects\SIAT-CNN\SIAT-CNN\SIAT-CNN\Debug\link.2060.read.1.tlog
C:\Users\feixuan\Documents\Visual Studio 2010\Projects\SIAT-CNN\SIAT-CNN\SIAT-CNN\Debug\link.2060.write.1.tlog
C:\Users\feixuan\Documents\Visual Studio 2010\Projects\SIAT-CNN\SIAT-CNN\SIAT-CNN\Debug\link.2060-cvtres.read.1.tlog
C:\Users\feixuan\Documents\Visual Studio 2010\Projects\SIAT-CNN\SIAT-CNN\SIAT-CNN\Debug\link.2060-cvtres.write.1.tlog
C:\Users\feixuan\Documents\Visual Studio 2010\Projects\SIAT-CNN\SIAT-CNN\SIAT-CNN\Debug\link.21620.read.1.tlog
C:\Users\feixuan\Documents\Visual Studio 2010\Projects\SIAT-CNN\SIAT-CNN\SIAT-CNN\Debug\link.21620.write.1.tlog
C:\Users\feixuan\Documents\Visual Studio 2010\Projects\SIAT-CNN\SIAT-CNN\SIAT-CNN\Debug\link.21620-cvtres.read.1.tlog
C:\Users\feixuan\Documents\Visual Studio 2010\Projects\SIAT-CNN\SIAT-CNN\SIAT-CNN\Debug\link.21620-cvtres.write.1.tlog
C:\Users\feixuan\Documents\Visual Studio 2010\Projects\SIAT-CNN\SIAT-CNN\SIAT-CNN\Debug\link.5900.read.1.tlog
C:\Users\feixuan\Documents\Visual Studio 2010\Projects\SIAT-CNN\SIAT-CNN\SIAT-CNN\Debug\link.5900.write.1.tlog
C:\Users\feixuan\Documents\Visual Studio 2010\Projects\SIAT-CNN\SIAT-CNN\SIAT-CNN\Debug\link.5900-cvtres.read.1.tlog
C:\Users\feixuan\Documents\Visual Studio 2010\Projects\SIAT-CNN\SIAT-CNN\SIAT-CNN\Debug\link.5900-cvtres.write.1.tlog
C:\Users\feixuan\Documents\Visual Studio 2010\Projects\SIAT-CNN\SIAT-CNN\SIAT-CNN\Debug\link.6320.read.1.tlog
C:\Users\feixuan\Documents\Visual Studio 2010\Projects\SIAT-CNN\SIAT-CNN\SIAT-CNN\Debug\link.6320.write.1.tlog
C:\Users\feixuan\Documents\Visual Studio 2010\Projects\SIAT-CNN\SIAT-CNN\SIAT-CNN\Debug\link.8204.read.1.tlog
C:\Users\feixuan\Documents\Visual Studio 2010\Projects\SIAT-CNN\SIAT-CNN\SIAT-CNN\Debug\link.8204.write.1.tlog
C:\Users\feixuan\Documents\Visual Studio 2010\Projects\SIAT-CNN\SIAT-CNN\SIAT-CNN\Debug\link.8204-cvtres.read.1.tlog
C:\Users\feixuan\Documents\Visual Studio 2010\Projects\SIAT-CNN\SIAT-CNN\SIAT-CNN\Debug\link.8204-cvtres.write.1.tlog
C:\Users\feixuan\Documents\Visual Studio 2010\Projects\SIAT-CNN\SIAT-CNN\SIAT-CNN\Debug\link.8292.read.1.tlog
C:\Users\feixuan\Documents\Visual Studio 2010\Projects\SIAT-CNN\SIAT-CNN\SIAT-CNN\Debug\link.8292.write.1.tlog
C:\Users\feixuan\Documents\Visual Studio 2010\Projects\SIAT-CNN\SIAT-CNN\SIAT-CNN\Debug\link.8292-cvtres.read.1.tlog
C:\Users\feixuan\Documents\Visual Studio 2010\Projects\SIAT-CNN\SIAT-CNN\SIAT-CNN\Debug\link.8292-cvtres.write.1.tlog
C:\Users\feixuan\Documents\Visual Studio 2010\Projects\SIAT-CNN\SIAT-CNN\SIAT-CNN\Debug\link.8660.read.1.tlog
C:\Users\feixuan\Documents\Visual Studio 2010\Projects\SIAT-CNN\SIAT-CNN\SIAT-CNN\Debug\link.8660.write.1.tlog
C:\Users\feixuan\Documents\Visual Studio 2010\Projects\SIAT-CNN\SIAT-CNN\SIAT-CNN\Debug\link.8660-cvtres.read.1.tlog
C:\Users\feixuan\Documents\Visual Studio 2010\Projects\SIAT-CNN\SIAT-CNN\SIAT-CNN\Debug\link.8660-cvtres.write.1.tlog
C:\Users\feixuan\Documents\Visual Studio 2010\Projects\SIAT-CNN\SIAT-CNN\SIAT-CNN\Debug\link.884.read.1.tlog
C:\Users\feixuan\Documents\Visual Studio 2010\Projects\SIAT-CNN\SIAT-CNN\SIAT-CNN\Debug\link.884.write.1.tlog
C:\Users\feixuan\Documents\Visual Studio 2010\Projects\SIAT-CNN\SIAT-CNN\SIAT-CNN\Debug\link.884-cvtres.read.1.tlog
C:\Users\feixuan\Documents\Visual Studio 2010\Projects\SIAT-CNN\SIAT-CNN\SIAT-CNN\Debug\link.884-cvtres.write.1.tlog
C:\Users\feixuan\Documents\Visual Studio 2010\Projects\SIAT-CNN\SIAT-CNN\SIAT-CNN\Debug\link.command.1.tlog
C:\Users\feixuan\Documents\Visual Studio 2010\Projects\SIAT-CNN\SIAT-CNN\SIAT-CNN\Debug\link.read.1.tlog
C:\Users\feixuan\Documents\Visual Studio 2010\Projects\SIAT-CNN\SIAT-CNN\SIAT-CNN\Debug\link.write.1.tlog
C:\Users\feixuan\Documents\Visual Studio 2010\Projects\SIAT-CNN\SIAT-CNN\SIAT-CNN\Debug\link-cvtres.read.1.tlog
C:\Users\feixuan\Documents\Visual Studio 2010\Projects\SIAT-CNN\SIAT-CNN\SIAT-CNN\Debug\link-cvtres.write.1.tlog
C:\USERS\FEIXUAN\DOCUMENTS\VISUAL STUDIO 2010\PROJECTS\SIAT-CNN\SIAT-CNN\SIAT-CNN\DEBUG\MAIN.OBJ
C:\USERS\FEIXUAN\DOCUMENTS\VISUAL STUDIO 2010\PROJECTS\SIAT-CNN\SIAT-CNN\SIAT-CNN\DEBUG\MAIN.SBR
C:\Users\feixuan\Documents\Visual Studio 2010\Projects\SIAT-CNN\SIAT-CNN\SIAT-CNN\Debug\mt.command.1.tlog
C:\Users\feixuan\Documents\Visual Studio 2010\Projects\SIAT-CNN\SIAT-CNN\SIAT-CNN\Debug\mt.read.1.tlog
C:\Users\feixuan\Documents\Visual Studio 2010\Projects\SIAT-CNN\SIAT-CNN\SIAT-CNN\Debug\mt.write.1.tlog
C:\USERS\FEIXUAN\DOCUMENTS\VISUAL STUDIO 2010\PROJECTS\SIAT-CNN\SIAT-CNN\SIAT-CNN\DEBUG\NEURALNETWORK.OBJ
C:\USERS\FEIXUAN\DOCUMENTS\VISUAL STUDIO 2010\PROJECTS\SIAT-CNN\SIAT-CNN\SIAT-CNN\DEBUG\NEURALNETWORK.SBR
C:\USERS\FEIXUAN\DOCUMENTS\VISUAL STUDIO 2010\PROJECTS\SIAT-CNN\SIAT-CNN\SIAT-CNN\DEBUG\PREFERENCES.OBJ
C:\USERS\FEIXUAN\DOCUMENTS\VISUAL STUDIO 2010\PROJECTS\SIAT-CNN\SIAT-CNN\SIAT-CNN\DEBUG\PREFERENCES.SBR
C:\Users\feixuan\Documents\Visual Studio 2010\Projects\SIAT-CNN\SIAT-CNN\SIAT-CNN\Debug\rc.command.1.tlog
C:\Users\feixuan\Documents\Visual Studio 2010\Projects\SIAT-CNN\SIAT-CNN\SIAT-CNN\Debug\rc.read.1.tlog
C:\Users\feixuan\Documents\Visual Studio 2010\Projects\SIAT-CNN\SIAT-CNN\SIAT-CNN\Debug\rc.write.1.tlog
C:\USERS\FEIXUAN\DOCUMENTS\VISUAL STUDIO 2010\PROJECTS\SIAT-CNN\SIAT-CNN\SIAT-CNN\DEBUG\READINIFILE.OBJ
C:\USERS\FEIXUAN\DOCUMENTS\VISUAL STUDIO 2010\PROJECTS\SIAT-CNN\SIAT-CNN\SIAT-CNN\DEBUG\READINIFILE.SBR
C:\Users\feixuan\Documents\Visual Studio 2010\Projects\SIAT-CNN\SIAT-CNN\SIAT-CNN\Debug\SIAT-CNN.exe.intermediate.manifest
C:\USERS\FEIXUAN\DOCUMENTS\VISUAL STUDIO 2010\PROJECTS\SIAT-CNN\SIAT-CNN\SIAT-CNN\DEBUG\SIAT-CNN.RES
C:\Users\feixuan\Documents\Visual Studio 2010\Projects\SIAT-CNN\SIAT-CNN\SIAT-CNN\Debug\SIAT-CNN.vcxprojResolveAssemblyReference.cache
C:\Users\feixuan\Documents\Visual Studio 2010\Projects\SIAT-CNN\SIAT-CNN\SIAT-CNN\Debug\SIAT-CNN.write.1.tlog
C:\USERS\FEIXUAN\DOCUMENTS\VISUAL STUDIO 2010\PROJECTS\SIAT-CNN\SIAT-CNN\SIAT-CNN\DEBUG\STARTTRAINING.OBJ
C:\USERS\FEIXUAN\DOCUMENTS\VISUAL STUDIO 2010\PROJECTS\SIAT-CNN\SIAT-CNN\SIAT-CNN\DEBUG\STARTTRAINING.SBR
C:\USERS\FEIXUAN\DOCUMENTS\VISUAL STUDIO 2010\PROJECTS\SIAT-CNN\SIAT-CNN\SIAT-CNN\DEBUG\STDAFX.OBJ
C:\USERS\FEIXUAN\DOCUMENTS\VISUAL STUDIO 2010\PROJECTS\SIAT-CNN\SIAT-CNN\SIAT-CNN\DEBUG\STDAFX.SBR
C:\Users\feixuan\Documents\Visual Studio 2010\Projects\SIAT-CNN\SIAT-CNN\SIAT-CNN\Debug\vc100.idb
C:\USERS\FEIXUAN\DOCUMENTS\VISUAL STUDIO 2010\PROJECTS\SIAT-CNN\SIAT-CNN\SIAT-CNN\DEBUG\VC100.PDB
C:\USERS\LENOVO\DOCUMENTS\VISUAL STUDIO 2010\PROJECTS\SIAT-CNN\SIAT-CNN\DEBUG\SIAT-CNN.BSC
C:\USERS\LENOVO\DOCUMENTS\VISUAL STUDIO 2010\PROJECTS\SIAT-CNN\SIAT-CNN\DEBUG\SIAT-CNN.EXE
C:\USERS\LENOVO\DOCUMENTS\VISUAL STUDIO 2010\PROJECTS\SIAT-CNN\SIAT-CNN\DEBUG\SIAT-CNN.EXE.MANIFEST
C:\USERS\LENOVO\DOCUMENTS\VISUAL STUDIO 2010\PROJECTS\SIAT-CNN\SIAT-CNN\DEBUG\SIAT-CNN.ILK
C:\USERS\LENOVO\DOCUMENTS\VISUAL STUDIO 2010\PROJECTS\SIAT-CNN\SIAT-CNN\DEBUG\SIAT-CNN.PDB
C:\USERS\LENOVO\DOCUMENTS\VISUAL STUDIO 2010\PROJECTS\SIAT-CNN\SIAT-CNN\SIAT-CNN\DEBUG\CCREATENETWORK.OBJ
C:\USERS\LENOVO\DOCUMENTS\VISUAL STUDIO 2010\PROJECTS\SIAT-CNN\SIAT-CNN\SIAT-CNN\DEBUG\CCREATENETWORK.SBR
C:\USERS\LENOVO\DOCUMENTS\VISUAL STUDIO 2010\PROJECTS\SIAT-CNN\SIAT-CNN\SIAT-CNN\DEBUG\CINITSYSTEM.OBJ
C:\USERS\LENOVO\DOCUMENTS\VISUAL STUDIO 2010\PROJECTS\SIAT-CNN\SIAT-CNN\SIAT-CNN\DEBUG\CINITSYSTEM.SBR
C:\USERS\LENOVO\DOCUMENTS\VISUAL STUDIO 2010\PROJECTS\SIAT-CNN\SIAT-CNN\SIAT-CNN\DEBUG\CTRAINNETWORK.OBJ
C:\USERS\LENOVO\DOCUMENTS\VISUAL STUDIO 2010\PROJECTS\SIAT-CNN\SIAT-CNN\SIAT-CNN\DEBUG\CTRAINNETWORK.SBR
C:\USERS\LENOVO\DOCUMENTS\VISUAL STUDIO 2010\PROJECTS\SIAT-CNN\SIAT-CNN\SIAT-CNN\DEBUG\MAIN.OBJ
C:\USERS\LENOVO\DOCUMENTS\VISUAL STUDIO 2010\PROJECTS\SIAT-CNN\SIAT-CNN\SIAT-CNN\DEBUG\MAIN.SBR
C:\USERS\LENOVO\DOCUMENTS\VISUAL STUDIO 2010\PROJECTS\SIAT-CNN\SIAT-CNN\SIAT-CNN\DEBUG\NEURALNETWORK.OBJ
C:\USERS\LENOVO\DOCUMENTS\VISUAL STUDIO 2010\PROJECTS\SIAT-CNN\SIAT-CNN\SIAT-CNN\DEBUG\NEURALNETWORK.SBR
C:\USERS\LENOVO\DOCUMENTS\VISUAL STUDIO 2010\PROJECTS\SIAT-CNN\SIAT-CNN\SIAT-CNN\DEBUG\PREFERENCES.OBJ
C:\USERS\LENOVO\DOCUMENTS\VISUAL STUDIO 2010\PROJECTS\SIAT-CNN\SIAT-CNN\SIAT-CNN\DEBUG\PREFERENCES.SBR
C:\USERS\LENOVO\DOCUMENTS\VISUAL STUDIO 2010\PROJECTS\SIAT-CNN\SIAT-CNN\SIAT-CNN\DEBUG\READINIFILE.OBJ
C:\USERS\LENOVO\DOCUMENTS\VISUAL STUDIO 2010\PROJECTS\SIAT-CNN\SIAT-CNN\SIAT-CNN\DEBUG\READINIFILE.SBR
C:\USERS\LENOVO\DOCUMENTS\VISUAL STUDIO 2010\PROJECTS\SIAT-CNN\SIAT-CNN\SIAT-CNN\DEBUG\SIAT-CNN.EXE.INTERMEDIATE.MANIFEST
C:\USERS\LENOVO\DOCUMENTS\VISUAL STUDIO 2010\PROJECTS\SIAT-CNN\SIAT-CNN\SIAT-CNN\DEBUG\SIAT-CNN.RES
C:\USERS\LENOVO\DOCUMENTS\VISUAL STUDIO 2010\PROJECTS\SIAT-CNN\SIAT-CNN\SIAT-CNN\DEBUG\STARTTRAINING.OBJ
C:\USERS\LENOVO\DOCUMENTS\VISUAL STUDIO 2010\PROJECTS\SIAT-CNN\SIAT-CNN\SIAT-CNN\DEBUG\STARTTRAINING.SBR
C:\USERS\LENOVO\DOCUMENTS\VISUAL STUDIO 2010\PROJECTS\SIAT-CNN\SIAT-CNN\SIAT-CNN\DEBUG\STDAFX.OBJ
C:\USERS\LENOVO\DOCUMENTS\VISUAL STUDIO 2010\PROJECTS\SIAT-CNN\SIAT-CNN\SIAT-CNN\DEBUG\STDAFX.SBR
C:\USERS\LENOVO\DOCUMENTS\VISUAL STUDIO 2010\PROJECTS\SIAT-CNN\SIAT-CNN\SIAT-CNN\DEBUG\VC100.PDB
