C:\USERS\FEIXUAN\DOCUMENTS\VISUAL STUDIO 2010\PROJECTS\SIAT-CNN\SIAT-CNN\DEBUG\FACEPOINTDECTECTION.EXE
C:\USERS\FEIXUAN\DOCUMENTS\VISUAL STUDIO 2010\PROJECTS\SIAT-CNN\SIAT-CNN\DEBUG\FACEPOINTDECTECTION.EXE.MANIFEST
C:\USERS\FEIXUAN\DOCUMENTS\VISUAL STUDIO 2010\PROJECTS\SIAT-CNN\SIAT-CNN\DEBUG\FACEPOINTDECTECTION.ILK
C:\USERS\FEIXUAN\DOCUMENTS\VISUAL STUDIO 2010\PROJECTS\SIAT-CNN\SIAT-CNN\DEBUG\FACEPOINTDECTECTION.PDB
C:\Users\feixuan\Documents\Visual Studio 2010\Projects\SIAT-CNN\SIAT-CNN\Debug\FPDectection.bsc
C:\USERS\FEIXUAN\DOCUMENTS\VISUAL STUDIO 2010\PROJECTS\SIAT-CNN\SIAT-CNN\DEBUG\FPDECTECTION.EXE
C:\USERS\FEIXUAN\DOCUMENTS\VISUAL STUDIO 2010\PROJECTS\SIAT-CNN\SIAT-CNN\DEBUG\FPDECTECTION.EXE.MANIFEST
C:\USERS\FEIXUAN\DOCUMENTS\VISUAL STUDIO 2010\PROJECTS\SIAT-CNN\SIAT-CNN\DEBUG\FPDECTECTION.ILK
C:\USERS\FEIXUAN\DOCUMENTS\VISUAL STUDIO 2010\PROJECTS\SIAT-CNN\SIAT-CNN\DEBUG\FPDECTECTION.PDB
C:\Users\feixuan\Documents\Visual Studio 2010\Projects\SIAT-CNN\SIAT-CNN\SIAT-CNN\Debug\BscMake.command.1.tlog
C:\Users\feixuan\Documents\Visual Studio 2010\Projects\SIAT-CNN\SIAT-CNN\SIAT-CNN\Debug\bscmake.read.1.tlog
C:\Users\feixuan\Documents\Visual Studio 2010\Projects\SIAT-CNN\SIAT-CNN\SIAT-CNN\Debug\bscmake.write.1.tlog
C:\USERS\FEIXUAN\DOCUMENTS\VISUAL STUDIO 2010\PROJECTS\SIAT-CNN\SIAT-CNN\SIAT-CNN\DEBUG\CCREATENETWORK.OBJ
C:\USERS\FEIXUAN\DOCUMENTS\VISUAL STUDIO 2010\PROJECTS\SIAT-CNN\SIAT-CNN\SIAT-CNN\DEBUG\CCREATENETWORK.SBR
C:\Users\feixuan\Documents\Visual Studio 2010\Projects\SIAT-CNN\SIAT-CNN\SIAT-CNN\Debug\cl.command.1.tlog
C:\Users\feixuan\Documents\Visual Studio 2010\Projects\SIAT-CNN\SIAT-CNN\SIAT-CNN\Debug\CL.read.1.tlog
C:\Users\feixuan\Documents\Visual Studio 2010\Projects\SIAT-CNN\SIAT-CNN\SIAT-CNN\Debug\CL.write.1.tlog
C:\USERS\FEIXUAN\DOCUMENTS\VISUAL STUDIO 2010\PROJECTS\SIAT-CNN\SIAT-CNN\SIAT-CNN\DEBUG\CTRAINNETWORK.OBJ
C:\USERS\FEIXUAN\DOCUMENTS\VISUAL STUDIO 2010\PROJECTS\SIAT-CNN\SIAT-CNN\SIAT-CNN\DEBUG\CTRAINNETWORK.SBR
C:\USERS\FEIXUAN\DOCUMENTS\VISUAL STUDIO 2010\PROJECTS\SIAT-CNN\SIAT-CNN\SIAT-CNN\DEBUG\FACEPOINTDECTECTION.EXE.INTERMEDIATE.MANIFEST
C:\USERS\FEIXUAN\DOCUMENTS\VISUAL STUDIO 2010\PROJECTS\SIAT-CNN\SIAT-CNN\SIAT-CNN\DEBUG\FPDECTECTION.EXE.INTERMEDIATE.MANIFEST
C:\Users\feixuan\Documents\Visual Studio 2010\Projects\SIAT-CNN\SIAT-CNN\SIAT-CNN\Debug\link.12188.read.1.tlog
C:\Users\feixuan\Documents\Visual Studio 2010\Projects\SIAT-CNN\SIAT-CNN\SIAT-CNN\Debug\link.12188.write.1.tlog
C:\Users\feixuan\Documents\Visual Studio 2010\Projects\SIAT-CNN\SIAT-CNN\SIAT-CNN\Debug\link.12188-cvtres.read.1.tlog
C:\Users\feixuan\Documents\Visual Studio 2010\Projects\SIAT-CNN\SIAT-CNN\SIAT-CNN\Debug\link.12188-cvtres.write.1.tlog
C:\Users\feixuan\Documents\Visual Studio 2010\Projects\SIAT-CNN\SIAT-CNN\SIAT-CNN\Debug\link.13344.read.1.tlog
C:\Users\feixuan\Documents\Visual Studio 2010\Projects\SIAT-CNN\SIAT-CNN\SIAT-CNN\Debug\link.13344.write.1.tlog
C:\Users\feixuan\Documents\Visual Studio 2010\Projects\SIAT-CNN\SIAT-CNN\SIAT-CNN\Debug\link.13344-cvtres.read.1.tlog
C:\Users\feixuan\Documents\Visual Studio 2010\Projects\SIAT-CNN\SIAT-CNN\SIAT-CNN\Debug\link.13344-cvtres.write.1.tlog
C:\Users\feixuan\Documents\Visual Studio 2010\Projects\SIAT-CNN\SIAT-CNN\SIAT-CNN\Debug\link.14996.read.1.tlog
C:\Users\feixuan\Documents\Visual Studio 2010\Projects\SIAT-CNN\SIAT-CNN\SIAT-CNN\Debug\link.14996.write.1.tlog
C:\Users\feixuan\Documents\Visual Studio 2010\Projects\SIAT-CNN\SIAT-CNN\SIAT-CNN\Debug\link.14996-cvtres.read.1.tlog
C:\Users\feixuan\Documents\Visual Studio 2010\Projects\SIAT-CNN\SIAT-CNN\SIAT-CNN\Debug\link.14996-cvtres.write.1.tlog
C:\Users\feixuan\Documents\Visual Studio 2010\Projects\SIAT-CNN\SIAT-CNN\SIAT-CNN\Debug\link.19088.read.1.tlog
C:\Users\feixuan\Documents\Visual Studio 2010\Projects\SIAT-CNN\SIAT-CNN\SIAT-CNN\Debug\link.19088.write.1.tlog
C:\Users\feixuan\Documents\Visual Studio 2010\Projects\SIAT-CNN\SIAT-CNN\SIAT-CNN\Debug\link.19088-cvtres.read.1.tlog
C:\Users\feixuan\Documents\Visual Studio 2010\Projects\SIAT-CNN\SIAT-CNN\SIAT-CNN\Debug\link.19088-cvtres.write.1.tlog
C:\Users\feixuan\Documents\Visual Studio 2010\Projects\SIAT-CNN\SIAT-CNN\SIAT-CNN\Debug\link.21132.read.1.tlog
C:\Users\feixuan\Documents\Visual Studio 2010\Projects\SIAT-CNN\SIAT-CNN\SIAT-CNN\Debug\link.21132.write.1.tlog
C:\Users\feixuan\Documents\Visual Studio 2010\Projects\SIAT-CNN\SIAT-CNN\SIAT-CNN\Debug\link.21132-cvtres.read.1.tlog
C:\Users\feixuan\Documents\Visual Studio 2010\Projects\SIAT-CNN\SIAT-CNN\SIAT-CNN\Debug\link.21132-cvtres.write.1.tlog
C:\Users\feixuan\Documents\Visual Studio 2010\Projects\SIAT-CNN\SIAT-CNN\SIAT-CNN\Debug\link.21460.read.1.tlog
C:\Users\feixuan\Documents\Visual Studio 2010\Projects\SIAT-CNN\SIAT-CNN\SIAT-CNN\Debug\link.21460.write.1.tlog
C:\Users\feixuan\Documents\Visual Studio 2010\Projects\SIAT-CNN\SIAT-CNN\SIAT-CNN\Debug\link.21460-cvtres.read.1.tlog
C:\Users\feixuan\Documents\Visual Studio 2010\Projects\SIAT-CNN\SIAT-CNN\SIAT-CNN\Debug\link.21460-cvtres.write.1.tlog
C:\Users\feixuan\Documents\Visual Studio 2010\Projects\SIAT-CNN\SIAT-CNN\SIAT-CNN\Debug\link.4724.read.1.tlog
C:\Users\feixuan\Documents\Visual Studio 2010\Projects\SIAT-CNN\SIAT-CNN\SIAT-CNN\Debug\link.4724.write.1.tlog
C:\Users\feixuan\Documents\Visual Studio 2010\Projects\SIAT-CNN\SIAT-CNN\SIAT-CNN\Debug\link.4724-cvtres.read.1.tlog
C:\Users\feixuan\Documents\Visual Studio 2010\Projects\SIAT-CNN\SIAT-CNN\SIAT-CNN\Debug\link.4724-cvtres.write.1.tlog
C:\Users\feixuan\Documents\Visual Studio 2010\Projects\SIAT-CNN\SIAT-CNN\SIAT-CNN\Debug\link.6212.read.1.tlog
C:\Users\feixuan\Documents\Visual Studio 2010\Projects\SIAT-CNN\SIAT-CNN\SIAT-CNN\Debug\link.6212.write.1.tlog
C:\Users\feixuan\Documents\Visual Studio 2010\Projects\SIAT-CNN\SIAT-CNN\SIAT-CNN\Debug\link.6212-cvtres.read.1.tlog
C:\Users\feixuan\Documents\Visual Studio 2010\Projects\SIAT-CNN\SIAT-CNN\SIAT-CNN\Debug\link.6212-cvtres.write.1.tlog
C:\Users\feixuan\Documents\Visual Studio 2010\Projects\SIAT-CNN\SIAT-CNN\SIAT-CNN\Debug\link.7668.read.1.tlog
C:\Users\feixuan\Documents\Visual Studio 2010\Projects\SIAT-CNN\SIAT-CNN\SIAT-CNN\Debug\link.7668.write.1.tlog
C:\Users\feixuan\Documents\Visual Studio 2010\Projects\SIAT-CNN\SIAT-CNN\SIAT-CNN\Debug\link.7668-cvtres.read.1.tlog
C:\Users\feixuan\Documents\Visual Studio 2010\Projects\SIAT-CNN\SIAT-CNN\SIAT-CNN\Debug\link.7668-cvtres.write.1.tlog
C:\Users\feixuan\Documents\Visual Studio 2010\Projects\SIAT-CNN\SIAT-CNN\SIAT-CNN\Debug\link.command.1.tlog
C:\Users\feixuan\Documents\Visual Studio 2010\Projects\SIAT-CNN\SIAT-CNN\SIAT-CNN\Debug\link.read.1.tlog
C:\Users\feixuan\Documents\Visual Studio 2010\Projects\SIAT-CNN\SIAT-CNN\SIAT-CNN\Debug\link.write.1.tlog
C:\Users\feixuan\Documents\Visual Studio 2010\Projects\SIAT-CNN\SIAT-CNN\SIAT-CNN\Debug\link-cvtres.read.1.tlog
C:\Users\feixuan\Documents\Visual Studio 2010\Projects\SIAT-CNN\SIAT-CNN\SIAT-CNN\Debug\link-cvtres.write.1.tlog
C:\USERS\FEIXUAN\DOCUMENTS\VISUAL STUDIO 2010\PROJECTS\SIAT-CNN\SIAT-CNN\SIAT-CNN\DEBUG\MAIN.OBJ
C:\USERS\FEIXUAN\DOCUMENTS\VISUAL STUDIO 2010\PROJECTS\SIAT-CNN\SIAT-CNN\SIAT-CNN\DEBUG\MAIN.SBR
C:\Users\feixuan\Documents\Visual Studio 2010\Projects\SIAT-CNN\SIAT-CNN\SIAT-CNN\Debug\mt.command.1.tlog
C:\Users\feixuan\Documents\Visual Studio 2010\Projects\SIAT-CNN\SIAT-CNN\SIAT-CNN\Debug\mt.read.1.tlog
C:\Users\feixuan\Documents\Visual Studio 2010\Projects\SIAT-CNN\SIAT-CNN\SIAT-CNN\Debug\mt.write.1.tlog
C:\USERS\FEIXUAN\DOCUMENTS\VISUAL STUDIO 2010\PROJECTS\SIAT-CNN\SIAT-CNN\SIAT-CNN\DEBUG\NEURALNETWORK.OBJ
C:\USERS\FEIXUAN\DOCUMENTS\VISUAL STUDIO 2010\PROJECTS\SIAT-CNN\SIAT-CNN\SIAT-CNN\DEBUG\NEURALNETWORK.SBR
C:\USERS\FEIXUAN\DOCUMENTS\VISUAL STUDIO 2010\PROJECTS\SIAT-CNN\SIAT-CNN\SIAT-CNN\DEBUG\PREFERENCES.OBJ
C:\USERS\FEIXUAN\DOCUMENTS\VISUAL STUDIO 2010\PROJECTS\SIAT-CNN\SIAT-CNN\SIAT-CNN\DEBUG\PREFERENCES.SBR
C:\Users\feixuan\Documents\Visual Studio 2010\Projects\SIAT-CNN\SIAT-CNN\SIAT-CNN\Debug\rc.command.1.tlog
C:\Users\feixuan\Documents\Visual Studio 2010\Projects\SIAT-CNN\SIAT-CNN\SIAT-CNN\Debug\rc.read.1.tlog
C:\Users\feixuan\Documents\Visual Studio 2010\Projects\SIAT-CNN\SIAT-CNN\SIAT-CNN\Debug\rc.write.1.tlog
C:\USERS\FEIXUAN\DOCUMENTS\VISUAL STUDIO 2010\PROJECTS\SIAT-CNN\SIAT-CNN\SIAT-CNN\DEBUG\READINIFILE.OBJ
C:\USERS\FEIXUAN\DOCUMENTS\VISUAL STUDIO 2010\PROJECTS\SIAT-CNN\SIAT-CNN\SIAT-CNN\DEBUG\READINIFILE.SBR
C:\USERS\FEIXUAN\DOCUMENTS\VISUAL STUDIO 2010\PROJECTS\SIAT-CNN\SIAT-CNN\SIAT-CNN\DEBUG\SIAT-CNN.RES
C:\Users\feixuan\Documents\Visual Studio 2010\Projects\SIAT-CNN\SIAT-CNN\SIAT-CNN\Debug\SIAT-CNN.vcxprojResolveAssemblyReference.cache
C:\Users\feixuan\Documents\Visual Studio 2010\Projects\SIAT-CNN\SIAT-CNN\SIAT-CNN\Debug\SIAT-CNN.write.1.tlog
C:\USERS\FEIXUAN\DOCUMENTS\VISUAL STUDIO 2010\PROJECTS\SIAT-CNN\SIAT-CNN\SIAT-CNN\DEBUG\STARTTRAINING.OBJ
C:\USERS\FEIXUAN\DOCUMENTS\VISUAL STUDIO 2010\PROJECTS\SIAT-CNN\SIAT-CNN\SIAT-CNN\DEBUG\STARTTRAINING.SBR
C:\USERS\FEIXUAN\DOCUMENTS\VISUAL STUDIO 2010\PROJECTS\SIAT-CNN\SIAT-CNN\SIAT-CNN\DEBUG\STDAFX.OBJ
C:\USERS\FEIXUAN\DOCUMENTS\VISUAL STUDIO 2010\PROJECTS\SIAT-CNN\SIAT-CNN\SIAT-CNN\DEBUG\STDAFX.SBR
C:\Users\feixuan\Documents\Visual Studio 2010\Projects\SIAT-CNN\SIAT-CNN\SIAT-CNN\Debug\vc100.idb
C:\USERS\FEIXUAN\DOCUMENTS\VISUAL STUDIO 2010\PROJECTS\SIAT-CNN\SIAT-CNN\SIAT-CNN\DEBUG\VC100.PDB
