C:\USERS\LENOVO\DOCUMENTS\VISUAL STUDIO 2010\PROJECTS\SIAT-CNN\SIAT-CNN\DEBUG\SIAT-CNN.BSC
C:\USERS\LENOVO\DOCUMENTS\VISUAL STUDIO 2010\PROJECTS\SIAT-CNN\SIAT-CNN\DEBUG\SIAT-CNN.EXE
C:\USERS\LENOVO\DOCUMENTS\VISUAL STUDIO 2010\PROJECTS\SIAT-CNN\SIAT-CNN\DEBUG\SIAT-CNN.EXE.MANIFEST
C:\USERS\LENOVO\DOCUMENTS\VISUAL STUDIO 2010\PROJECTS\SIAT-CNN\SIAT-CNN\DEBUG\SIAT-CNN.PDB
C:\Users\Lenovo\Documents\Visual Studio 2010\Projects\SIAT-CNN\SIAT-CNN\SIAT-CNN\Debug\BscMake.command.1.tlog
C:\Users\Lenovo\Documents\Visual Studio 2010\Projects\SIAT-CNN\SIAT-CNN\SIAT-CNN\Debug\bscmake.read.1.tlog
C:\Users\Lenovo\Documents\Visual Studio 2010\Projects\SIAT-CNN\SIAT-CNN\SIAT-CNN\Debug\bscmake.write.1.tlog
C:\USERS\LENOVO\DOCUMENTS\VISUAL STUDIO 2010\PROJECTS\SIAT-CNN\SIAT-CNN\SIAT-CNN\DEBUG\CCREATENETWORK.OBJ
C:\USERS\LENOVO\DOCUMENTS\VISUAL STUDIO 2010\PROJECTS\SIAT-CNN\SIAT-CNN\SIAT-CNN\DEBUG\CCREATENETWORK.SBR
C:\USERS\LENOVO\DOCUMENTS\VISUAL STUDIO 2010\PROJECTS\SIAT-CNN\SIAT-CNN\SIAT-CNN\DEBUG\CINITSYSTEM.OBJ
C:\USERS\LENOVO\DOCUMENTS\VISUAL STUDIO 2010\PROJECTS\SIAT-CNN\SIAT-CNN\SIAT-CNN\DEBUG\CINITSYSTEM.SBR
C:\Users\Lenovo\Documents\Visual Studio 2010\Projects\SIAT-CNN\SIAT-CNN\SIAT-CNN\Debug\cl.command.1.tlog
C:\Users\Lenovo\Documents\Visual Studio 2010\Projects\SIAT-CNN\SIAT-CNN\SIAT-CNN\Debug\CL.read.1.tlog
C:\Users\Lenovo\Documents\Visual Studio 2010\Projects\SIAT-CNN\SIAT-CNN\SIAT-CNN\Debug\CL.write.1.tlog
C:\USERS\LENOVO\DOCUMENTS\VISUAL STUDIO 2010\PROJECTS\SIAT-CNN\SIAT-CNN\SIAT-CNN\DEBUG\CTRAINNETWORK.OBJ
C:\USERS\LENOVO\DOCUMENTS\VISUAL STUDIO 2010\PROJECTS\SIAT-CNN\SIAT-CNN\SIAT-CNN\DEBUG\CTRAINNETWORK.SBR
C:\Users\Lenovo\Documents\Visual Studio 2010\Projects\SIAT-CNN\SIAT-CNN\SIAT-CNN\Debug\link.6624.read.1.tlog
C:\Users\Lenovo\Documents\Visual Studio 2010\Projects\SIAT-CNN\SIAT-CNN\SIAT-CNN\Debug\link.6624.write.1.tlog
C:\Users\Lenovo\Documents\Visual Studio 2010\Projects\SIAT-CNN\SIAT-CNN\SIAT-CNN\Debug\link.command.1.tlog
C:\Users\Lenovo\Documents\Visual Studio 2010\Projects\SIAT-CNN\SIAT-CNN\SIAT-CNN\Debug\link.read.1.tlog
C:\Users\Lenovo\Documents\Visual Studio 2010\Projects\SIAT-CNN\SIAT-CNN\SIAT-CNN\Debug\link.write.1.tlog
C:\USERS\LENOVO\DOCUMENTS\VISUAL STUDIO 2010\PROJECTS\SIAT-CNN\SIAT-CNN\SIAT-CNN\DEBUG\MAIN.OBJ
C:\USERS\LENOVO\DOCUMENTS\VISUAL STUDIO 2010\PROJECTS\SIAT-CNN\SIAT-CNN\SIAT-CNN\DEBUG\MAIN.SBR
C:\Users\Lenovo\Documents\Visual Studio 2010\Projects\SIAT-CNN\SIAT-CNN\SIAT-CNN\Debug\mt.command.1.tlog
C:\Users\Lenovo\Documents\Visual Studio 2010\Projects\SIAT-CNN\SIAT-CNN\SIAT-CNN\Debug\mt.read.1.tlog
C:\Users\Lenovo\Documents\Visual Studio 2010\Projects\SIAT-CNN\SIAT-CNN\SIAT-CNN\Debug\mt.write.1.tlog
C:\USERS\LENOVO\DOCUMENTS\VISUAL STUDIO 2010\PROJECTS\SIAT-CNN\SIAT-CNN\SIAT-CNN\DEBUG\NEURALNETWORK.OBJ
C:\USERS\LENOVO\DOCUMENTS\VISUAL STUDIO 2010\PROJECTS\SIAT-CNN\SIAT-CNN\SIAT-CNN\DEBUG\NEURALNETWORK.SBR
C:\USERS\LENOVO\DOCUMENTS\VISUAL STUDIO 2010\PROJECTS\SIAT-CNN\SIAT-CNN\SIAT-CNN\DEBUG\PREFERENCES.OBJ
C:\USERS\LENOVO\DOCUMENTS\VISUAL STUDIO 2010\PROJECTS\SIAT-CNN\SIAT-CNN\SIAT-CNN\DEBUG\PREFERENCES.SBR
C:\USERS\LENOVO\DOCUMENTS\VISUAL STUDIO 2010\PROJECTS\SIAT-CNN\SIAT-CNN\SIAT-CNN\DEBUG\SIAT-CNN.EXE.INTERMEDIATE.MANIFEST
C:\Users\Lenovo\Documents\Visual Studio 2010\Projects\SIAT-CNN\SIAT-CNN\SIAT-CNN\Debug\SIAT-CNN.vcxprojResolveAssemblyReference.cache
C:\Users\Lenovo\Documents\Visual Studio 2010\Projects\SIAT-CNN\SIAT-CNN\SIAT-CNN\Debug\SIAT-CNN.write.1.tlog
C:\USERS\LENOVO\DOCUMENTS\VISUAL STUDIO 2010\PROJECTS\SIAT-CNN\SIAT-CNN\SIAT-CNN\DEBUG\STARTTRAINING.OBJ
C:\USERS\LENOVO\DOCUMENTS\VISUAL STUDIO 2010\PROJECTS\SIAT-CNN\SIAT-CNN\SIAT-CNN\DEBUG\STARTTRAINING.SBR
C:\USERS\LENOVO\DOCUMENTS\VISUAL STUDIO 2010\PROJECTS\SIAT-CNN\SIAT-CNN\SIAT-CNN\DEBUG\STDAFX.OBJ
C:\USERS\LENOVO\DOCUMENTS\VISUAL STUDIO 2010\PROJECTS\SIAT-CNN\SIAT-CNN\SIAT-CNN\DEBUG\STDAFX.SBR
C:\Users\Lenovo\Documents\Visual Studio 2010\Projects\SIAT-CNN\SIAT-CNN\SIAT-CNN\Debug\vc100.idb
C:\USERS\LENOVO\DOCUMENTS\VISUAL STUDIO 2010\PROJECTS\SIAT-CNN\SIAT-CNN\SIAT-CNN\DEBUG\VC100.PDB
